[Thu, 13 Mar 2014 23:05:16.273616 +0300] [DAEMON] starting example...
[Thu, 13 Mar 2014 23:05:16.275841 +0300] [MASTER] starting master (PID 6813)....
[Thu, 13 Mar 2014 23:05:16.276144 +0300] [APPLICATION] [example2] Master runtime
[Thu, 13 Mar 2014 23:05:16.276715 +0300] [APPLICATION] [ERROR] E_RECOVERABLE_ERROR: Argument 1 passed to Daemon\Component\Application\Application::spawnChild() must be an instance of Daemon\Component\Application\Application, boolean given, called in /home/yutas/work/phpdaemon/examples/Example2.php on line 20 and defined in /home/yutas/work/phpdaemon/lib/Component/Application/Application.php on line 97 in /home/yutas/work/phpdaemon/lib/Daemon.php on line 305
[Thu, 13 Mar 2014 23:05:17.280624 +0300] [APPLICATION] [example2] Master runtime
[Thu, 13 Mar 2014 23:05:17.280989 +0300] [APPLICATION] [ERROR] E_RECOVERABLE_ERROR: Argument 1 passed to Daemon\Component\Application\Application::spawnChild() must be an instance of Daemon\Component\Application\Application, boolean given, called in /home/yutas/work/phpdaemon/examples/Example2.php on line 20 and defined in /home/yutas/work/phpdaemon/lib/Component/Application/Application.php on line 97 in /home/yutas/work/phpdaemon/lib/Daemon.php on line 305
[Thu, 13 Mar 2014 23:05:18.098682 +0300] [MASTER] [INFO] Waiting for all children of "main" collection to shutdown...
[Thu, 13 Mar 2014 23:05:18.098876 +0300] [MASTER] Getting shutdown...
[Thu, 13 Mar 2014 23:09:00.846709 +0300] [DAEMON] starting example...
[Thu, 13 Mar 2014 23:09:00.848640 +0300] [MASTER] starting master (PID 7144)....
[Thu, 13 Mar 2014 23:09:00.848832 +0300] [APPLICATION] [example2] Master runtime
[Thu, 13 Mar 2014 23:09:00.848975 +0300] [MASTER] [DEBUG] Spawning a child
[Thu, 13 Mar 2014 23:09:00.850876 +0300] [DAEMON] [FATAL] Undefined class constant 'NAME' in /home/yutas/work/phpdaemon/examples/Example2.php on line 34
[Thu, 13 Mar 2014 23:09:01.864099 +0300] [APPLICATION] [example2] Master runtime
[Thu, 13 Mar 2014 23:09:01.864309 +0300] [MASTER] [DEBUG] Spawning a child
[Thu, 13 Mar 2014 23:09:01.865882 +0300] [DAEMON] [FATAL] Undefined class constant 'NAME' in /home/yutas/work/phpdaemon/examples/Example2.php on line 34
[Thu, 13 Mar 2014 23:09:02.871973 +0300] [MASTER] [INFO] Waiting for all children of "main" collection to shutdown...
[Thu, 13 Mar 2014 23:09:02.872127 +0300] [MASTER] [INFO] "main" collection: 1 of child threads remaining...
[Thu, 13 Mar 2014 23:09:03.877336 +0300] [MASTER] Getting shutdown...
[Thu, 13 Mar 2014 23:09:29.796494 +0300] [DAEMON] starting example...
[Thu, 13 Mar 2014 23:09:29.798674 +0300] [MASTER] starting master (PID 7202)....
[Thu, 13 Mar 2014 23:09:29.798879 +0300] [APPLICATION] [example2master] Master runtime
[Thu, 13 Mar 2014 23:09:29.799030 +0300] [MASTER] [DEBUG] Spawning a child
[Thu, 13 Mar 2014 23:09:29.800759 +0300] [APPLICATION] [example2worker] child 7203
[Thu, 13 Mar 2014 23:09:30.801106 +0300] [APPLICATION] [example2worker] child 7203
[Thu, 13 Mar 2014 23:09:31.801377 +0300] [APPLICATION] [example2worker] child 7203
[Thu, 13 Mar 2014 23:09:31.803912 +0300] [APPLICATION] [example2master] Master runtime
[Thu, 13 Mar 2014 23:09:32.801632 +0300] [APPLICATION] [example2worker] child 7203
[Thu, 13 Mar 2014 23:09:33.801906 +0300] [APPLICATION] [example2worker] child 7203
[Thu, 13 Mar 2014 23:09:33.810565 +0300] [APPLICATION] [example2master] Master runtime
[Thu, 13 Mar 2014 23:09:34.802156 +0300] [APPLICATION] [example2worker] child 7203
[Thu, 13 Mar 2014 23:09:35.802407 +0300] [APPLICATION] [example2worker] child 7203
[Thu, 13 Mar 2014 23:09:35.817270 +0300] [APPLICATION] [example2master] Master runtime
[Thu, 13 Mar 2014 23:09:36.802688 +0300] [APPLICATION] [example2worker] child 7203
[Thu, 13 Mar 2014 23:09:37.352513 +0300] [MASTER] [INFO] Waiting for all children of "main" collection to shutdown...
[Thu, 13 Mar 2014 23:09:37.352647 +0300] [MASTER] [INFO] "main" collection: 1 of child threads remaining...
[Thu, 13 Mar 2014 23:09:37.352793 +0300] [APPLICATION] [example2worker] child 7203
[Thu, 13 Mar 2014 23:09:38.353016 +0300] [APPLICATION] [example2worker] child 7203
[Thu, 13 Mar 2014 23:09:38.357233 +0300] [MASTER] [INFO] "main" collection: 1 of child threads remaining...
[Thu, 13 Mar 2014 23:09:39.353307 +0300] [APPLICATION] [example2worker] child 7203
[Thu, 13 Mar 2014 23:09:39.363860 +0300] [MASTER] [INFO] "main" collection: 1 of child threads remaining...
[Thu, 13 Mar 2014 23:09:40.353581 +0300] [APPLICATION] [example2worker] child 7203
[Thu, 13 Mar 2014 23:09:40.370664 +0300] [MASTER] [INFO] "main" collection: 1 of child threads remaining...
[Thu, 13 Mar 2014 23:09:41.353861 +0300] [APPLICATION] [example2worker] child 7203
[Thu, 13 Mar 2014 23:09:41.377223 +0300] [MASTER] [INFO] "main" collection: 1 of child threads remaining...
[Thu, 13 Mar 2014 23:09:42.354139 +0300] [APPLICATION] [example2worker] child 7203
[Thu, 13 Mar 2014 23:09:42.383885 +0300] [MASTER] [INFO] "main" collection: 1 of child threads remaining...
[Thu, 13 Mar 2014 23:09:43.354419 +0300] [APPLICATION] [example2worker] child 7203
[Thu, 13 Mar 2014 23:09:43.390591 +0300] [MASTER] [INFO] "main" collection: 1 of child threads remaining...
[Thu, 13 Mar 2014 23:09:44.354695 +0300] [APPLICATION] [example2worker] child 7203
[Thu, 13 Mar 2014 23:09:44.397224 +0300] [MASTER] [INFO] "main" collection: 1 of child threads remaining...
[Thu, 13 Mar 2014 23:09:45.354965 +0300] [APPLICATION] [example2worker] child 7203
[Thu, 13 Mar 2014 23:09:45.403894 +0300] [MASTER] [INFO] "main" collection: 1 of child threads remaining...
[Thu, 13 Mar 2014 23:09:46.355244 +0300] [APPLICATION] [example2worker] child 7203
[Thu, 13 Mar 2014 23:09:46.410566 +0300] [MASTER] [INFO] "main" collection: 1 of child threads remaining...
[Thu, 13 Mar 2014 23:09:47.355520 +0300] [APPLICATION] [example2worker] child 7203
[Thu, 13 Mar 2014 23:09:47.417205 +0300] [MASTER] [INFO] "main" collection: 1 of child threads remaining...
[Thu, 13 Mar 2014 23:09:48.355799 +0300] [APPLICATION] [example2worker] child 7203
[Thu, 13 Mar 2014 23:09:48.423903 +0300] [MASTER] [INFO] "main" collection: 1 of child threads remaining...
[Thu, 13 Mar 2014 23:09:49.356145 +0300] [CHILD] [DEBUG] 7203 is getting shutdown
[Thu, 13 Mar 2014 23:09:49.363377 +0300] [MASTER] Getting shutdown...
[Thu, 13 Mar 2014 23:11:42.465040 +0300] [DAEMON] starting example...
[Thu, 13 Mar 2014 23:11:42.467320 +0300] [MASTER] starting master (PID 7367)....
[Thu, 13 Mar 2014 23:11:42.467676 +0300] [APPLICATION] [example-master] Master runtime
[Thu, 13 Mar 2014 23:11:42.467914 +0300] [MASTER] [DEBUG] Spawning a child
[Thu, 13 Mar 2014 23:11:42.469760 +0300] [APPLICATION] [example-worker] child 7368
[Thu, 13 Mar 2014 23:11:43.470264 +0300] [APPLICATION] [example-worker] child 7368
[Thu, 13 Mar 2014 23:11:44.470541 +0300] [APPLICATION] [example-worker] child 7368
[Thu, 13 Mar 2014 23:11:44.473898 +0300] [APPLICATION] [example-master] Master runtime
[Thu, 13 Mar 2014 23:11:45.470822 +0300] [APPLICATION] [example-worker] child 7368
[Thu, 13 Mar 2014 23:11:46.471101 +0300] [APPLICATION] [example-worker] child 7368
[Thu, 13 Mar 2014 23:11:46.480550 +0300] [APPLICATION] [example-master] Master runtime
[Thu, 13 Mar 2014 23:11:46.560835 +0300] [APPLICATION] [example-worker] child 7368
[Thu, 13 Mar 2014 23:11:47.561106 +0300] [APPLICATION] [example-worker] child 7368
[Thu, 13 Mar 2014 23:11:47.567337 +0300] [MASTER] [INFO] Waiting for all children of "main" collection to shutdown...
[Thu, 13 Mar 2014 23:11:47.567450 +0300] [MASTER] [INFO] "main" collection: 1 of child threads remaining...
[Thu, 13 Mar 2014 23:11:47.567580 +0300] [APPLICATION] [example-worker] child 7368
[Thu, 13 Mar 2014 23:11:48.567798 +0300] [APPLICATION] [example-worker] child 7368
[Thu, 13 Mar 2014 23:11:48.573866 +0300] [MASTER] [INFO] "main" collection: 1 of child threads remaining...
[Thu, 13 Mar 2014 23:11:49.568083 +0300] [APPLICATION] [example-worker] child 7368
[Thu, 13 Mar 2014 23:11:49.581632 +0300] [MASTER] [INFO] "main" collection: 1 of child threads remaining...
[Thu, 13 Mar 2014 23:11:50.568441 +0300] [CHILD] [DEBUG] 7368 is getting shutdown
[Thu, 13 Mar 2014 23:11:50.575852 +0300] [MASTER] Getting shutdown...
[Thu, 13 Mar 2014 23:12:21.644199 +0300] [DAEMON] starting example...
[Thu, 13 Mar 2014 23:12:21.646326 +0300] [MASTER] starting master (PID 7430)....
[Thu, 13 Mar 2014 23:12:21.646624 +0300] [APPLICATION] [example-master] Master runtime
[Thu, 13 Mar 2014 23:12:21.646869 +0300] [MASTER] [DEBUG] Spawning a child
[Thu, 13 Mar 2014 23:12:21.648977 +0300] [APPLICATION] [example-worker] child 7431
[Thu, 13 Mar 2014 23:12:22.649582 +0300] [CHILD] [DEBUG] 7431 is getting shutdown
[Thu, 13 Mar 2014 23:12:22.657770 +0300] [APPLICATION] [example-master] Master runtime
[Thu, 13 Mar 2014 23:12:22.658088 +0300] [MASTER] [DEBUG] Spawning a child
[Thu, 13 Mar 2014 23:12:22.659715 +0300] [APPLICATION] [example-worker] child 7432
[Thu, 13 Mar 2014 23:12:23.660252 +0300] [CHILD] [DEBUG] 7432 is getting shutdown
[Thu, 13 Mar 2014 23:12:23.667535 +0300] [APPLICATION] [example-master] Master runtime
[Thu, 13 Mar 2014 23:12:25.673918 +0300] [APPLICATION] [example-master] Master runtime
[Thu, 13 Mar 2014 23:12:27.680585 +0300] [APPLICATION] [example-master] Master runtime
[Thu, 13 Mar 2014 23:12:28.851030 +0300] [MASTER] [INFO] Waiting for all children of "main" collection to shutdown...
[Thu, 13 Mar 2014 23:12:28.851238 +0300] [MASTER] Getting shutdown...
[Thu, 13 Mar 2014 23:14:15.178863 +0300] [DAEMON] starting example...
[Thu, 13 Mar 2014 23:14:15.181095 +0300] [MASTER] starting master (PID 7630)....
[Thu, 13 Mar 2014 23:14:15.181400 +0300] [APPLICATION] [example-master] Master runtime
[Thu, 13 Mar 2014 23:14:15.181641 +0300] [MASTER] [DEBUG] Spawning a child
[Thu, 13 Mar 2014 23:14:15.183656 +0300] [APPLICATION] [example-worker] child 7631
[Thu, 13 Mar 2014 23:14:16.184174 +0300] [APPLICATION] [example-worker] child 7631
[Thu, 13 Mar 2014 23:14:16.407676 +0300] [MASTER] [INFO] Waiting for all children of "main" collection to shutdown...
[Thu, 13 Mar 2014 23:14:16.407822 +0300] [MASTER] [INFO] "main" collection: 1 of child threads remaining...
[Thu, 13 Mar 2014 23:14:16.407969 +0300] [APPLICATION] [example-worker] child 7631
[Thu, 13 Mar 2014 23:14:17.408193 +0300] [APPLICATION] [example-worker] child 7631
[Thu, 13 Mar 2014 23:14:17.413854 +0300] [MASTER] [INFO] "main" collection: 1 of child threads remaining...
[Thu, 13 Mar 2014 23:14:18.408467 +0300] [APPLICATION] [example-worker] child 7631
[Thu, 13 Mar 2014 23:14:18.420544 +0300] [MASTER] [INFO] "main" collection: 1 of child threads remaining...
[Thu, 13 Mar 2014 23:14:19.408857 +0300] [APPLICATION] [example-worker] child 7631
[Thu, 13 Mar 2014 23:14:19.427311 +0300] [MASTER] [INFO] "main" collection: 1 of child threads remaining...
[Thu, 13 Mar 2014 23:14:20.409248 +0300] [APPLICATION] [example-worker] child 7631
[Thu, 13 Mar 2014 23:14:20.433885 +0300] [MASTER] [INFO] "main" collection: 1 of child threads remaining...
[Thu, 13 Mar 2014 23:14:21.409526 +0300] [APPLICATION] [example-worker] child 7631
[Thu, 13 Mar 2014 23:14:21.440545 +0300] [MASTER] [INFO] "main" collection: 1 of child threads remaining...
[Thu, 13 Mar 2014 23:14:22.409801 +0300] [APPLICATION] [example-worker] child 7631
[Thu, 13 Mar 2014 23:14:22.447198 +0300] [MASTER] [INFO] "main" collection: 1 of child threads remaining...
[Thu, 13 Mar 2014 23:14:23.410077 +0300] [APPLICATION] [example-worker] child 7631
[Thu, 13 Mar 2014 23:14:23.453884 +0300] [MASTER] [INFO] "main" collection: 1 of child threads remaining...
[Thu, 13 Mar 2014 23:14:24.410446 +0300] [CHILD] [DEBUG] 7631 is getting shutdown
[Thu, 13 Mar 2014 23:14:24.419027 +0300] [MASTER] Getting shutdown...
[Thu, 13 Mar 2014 23:15:57.012792 +0300] [DAEMON] starting example...
[Thu, 13 Mar 2014 23:15:57.014799 +0300] [MASTER] starting master (PID 7833)....
[Thu, 13 Mar 2014 23:15:57.014994 +0300] [APPLICATION] [example-master] Master runtime
[Thu, 13 Mar 2014 23:15:57.015140 +0300] [MASTER] [DEBUG] Spawning a child
[Thu, 13 Mar 2014 23:15:57.016873 +0300] [APPLICATION] [example-worker] child 7834
[Thu, 13 Mar 2014 23:15:58.017247 +0300] [APPLICATION] [example-worker] child 7834
[Thu, 13 Mar 2014 23:15:58.255921 +0300] [MASTER] [INFO] Waiting for all children of "main" collection to shutdown...
[Thu, 13 Mar 2014 23:15:58.256089 +0300] [MASTER] [INFO] "main" collection: 1 of child threads remaining...
[Thu, 13 Mar 2014 23:15:58.256255 +0300] [APPLICATION] [example-worker] child 7834
[Thu, 13 Mar 2014 23:15:59.256482 +0300] [APPLICATION] [example-worker] child 7834
[Thu, 13 Mar 2014 23:15:59.260514 +0300] [MASTER] [INFO] "main" collection: 1 of child threads remaining...
[Thu, 13 Mar 2014 23:16:00.256772 +0300] [APPLICATION] [example-worker] child 7834
[Thu, 13 Mar 2014 23:16:00.267233 +0300] [MASTER] [INFO] "main" collection: 1 of child threads remaining...
[Thu, 13 Mar 2014 23:16:01.257054 +0300] [APPLICATION] [example-worker] child 7834
[Thu, 13 Mar 2014 23:16:01.273855 +0300] [MASTER] [INFO] "main" collection: 1 of child threads remaining...
[Thu, 13 Mar 2014 23:16:02.257344 +0300] [APPLICATION] [example-worker] child 7834
[Thu, 13 Mar 2014 23:16:02.280529 +0300] [MASTER] [INFO] "main" collection: 1 of child threads remaining...
[Thu, 13 Mar 2014 23:16:03.257628 +0300] [APPLICATION] [example-worker] child 7834
[Thu, 13 Mar 2014 23:16:03.287191 +0300] [MASTER] [INFO] "main" collection: 1 of child threads remaining...
[Thu, 13 Mar 2014 23:16:04.257906 +0300] [APPLICATION] [example-worker] child 7834
[Thu, 13 Mar 2014 23:16:04.293985 +0300] [MASTER] [INFO] "main" collection: 1 of child threads remaining...
[Thu, 13 Mar 2014 23:16:05.258189 +0300] [APPLICATION] [example-worker] child 7834
[Thu, 13 Mar 2014 23:16:05.300528 +0300] [MASTER] [INFO] "main" collection: 1 of child threads remaining...
[Thu, 13 Mar 2014 23:16:06.258543 +0300] [CHILD] [DEBUG] 7834 is getting shutdown
[Thu, 13 Mar 2014 23:16:06.265599 +0300] [MASTER] Getting shutdown...
[Thu, 13 Mar 2014 23:18:51.868557 +0300] [DAEMON] starting example...
[Thu, 13 Mar 2014 23:18:51.870662 +0300] [MASTER] starting master (PID 8072)....
[Thu, 13 Mar 2014 23:18:51.870968 +0300] [APPLICATION] [example-master] Master runtime
[Thu, 13 Mar 2014 23:18:51.871203 +0300] [MASTER] [DEBUG] Spawning a child
[Thu, 13 Mar 2014 23:18:51.873104 +0300] [APPLICATION] [example-worker] child 8073
[Thu, 13 Mar 2014 23:18:52.873672 +0300] [CHILD] [DEBUG] 8073 is getting shutdown
[Thu, 13 Mar 2014 23:18:52.880941 +0300] [APPLICATION] [example-master] Master runtime
[Thu, 13 Mar 2014 23:18:52.881262 +0300] [MASTER] [DEBUG] Spawning a child
[Thu, 13 Mar 2014 23:18:52.882747 +0300] [APPLICATION] [example-worker] child 8074
[Thu, 13 Mar 2014 23:18:53.883258 +0300] [CHILD] [DEBUG] 8074 is getting shutdown
[Thu, 13 Mar 2014 23:18:53.890535 +0300] [APPLICATION] [example-master] Master runtime
[Thu, 13 Mar 2014 23:18:53.890863 +0300] [MASTER] [DEBUG] Spawning a child
[Thu, 13 Mar 2014 23:18:53.892361 +0300] [APPLICATION] [example-worker] child 8075
[Thu, 13 Mar 2014 23:18:54.892870 +0300] [CHILD] [DEBUG] 8075 is getting shutdown
[Thu, 13 Mar 2014 23:18:54.900490 +0300] [APPLICATION] [example-master] Master runtime
[Thu, 13 Mar 2014 23:18:54.900829 +0300] [MASTER] [DEBUG] Spawning a child
[Thu, 13 Mar 2014 23:18:54.902277 +0300] [APPLICATION] [example-worker] child 8080
[Thu, 13 Mar 2014 23:18:55.902862 +0300] [CHILD] [DEBUG] 8080 is getting shutdown
[Thu, 13 Mar 2014 23:18:55.910346 +0300] [APPLICATION] [example-master] Master runtime
[Thu, 13 Mar 2014 23:18:55.910739 +0300] [MASTER] [DEBUG] Spawning a child
[Thu, 13 Mar 2014 23:18:55.912242 +0300] [APPLICATION] [example-worker] child 8081
[Thu, 13 Mar 2014 23:18:56.722480 +0300] [CHILD] [DEBUG] 8081 is getting shutdown
[Thu, 13 Mar 2014 23:18:56.729924 +0300] [MASTER] [INFO] Waiting for all children of "main" collection to shutdown...
[Thu, 13 Mar 2014 23:18:56.730292 +0300] [MASTER] Getting shutdown...
[Thu, 13 Mar 2014 23:19:04.278064 +0300] [DAEMON] starting example...
[Thu, 13 Mar 2014 23:19:04.280517 +0300] [MASTER] starting master (PID 8105)....
[Thu, 13 Mar 2014 23:19:04.280839 +0300] [APPLICATION] [example-master] Master runtime
[Thu, 13 Mar 2014 23:19:04.281077 +0300] [MASTER] [DEBUG] Spawning a child
[Thu, 13 Mar 2014 23:19:04.283130 +0300] [APPLICATION] [example-worker] child 8106
[Thu, 13 Mar 2014 23:19:05.284578 +0300] [CHILD] [DEBUG] 8106 is getting shutdown
[Thu, 13 Mar 2014 23:19:05.291523 +0300] [APPLICATION] [example-master] Master runtime
[Thu, 13 Mar 2014 23:19:05.291760 +0300] [MASTER] [DEBUG] Spawning a child
[Thu, 13 Mar 2014 23:19:05.293114 +0300] [APPLICATION] [example-worker] child 8107
[Thu, 13 Mar 2014 23:19:06.293517 +0300] [CHILD] [DEBUG] 8107 is getting shutdown
[Thu, 13 Mar 2014 23:19:06.300700 +0300] [APPLICATION] [example-master] Master runtime
[Thu, 13 Mar 2014 23:19:06.300959 +0300] [MASTER] [DEBUG] Spawning a child
[Thu, 13 Mar 2014 23:19:06.302336 +0300] [APPLICATION] [example-worker] child 8108
[Thu, 13 Mar 2014 23:19:07.302925 +0300] [CHILD] [DEBUG] 8108 is getting shutdown
[Thu, 13 Mar 2014 23:19:07.310208 +0300] [APPLICATION] [example-master] Master runtime
[Thu, 13 Mar 2014 23:19:07.310568 +0300] [MASTER] [DEBUG] Spawning a child
[Thu, 13 Mar 2014 23:19:07.312031 +0300] [APPLICATION] [example-worker] child 8109
[Thu, 13 Mar 2014 23:19:08.312661 +0300] [CHILD] [DEBUG] 8109 is getting shutdown
[Thu, 13 Mar 2014 23:19:08.319754 +0300] [APPLICATION] [example-master] Master runtime
[Thu, 13 Mar 2014 23:19:08.320091 +0300] [MASTER] [DEBUG] Spawning a child
[Thu, 13 Mar 2014 23:19:08.321690 +0300] [APPLICATION] [example-worker] child 8110
[Thu, 13 Mar 2014 23:19:09.322210 +0300] [CHILD] [DEBUG] 8110 is getting shutdown
[Thu, 13 Mar 2014 23:19:09.329025 +0300] [APPLICATION] [example-master] Master runtime
[Thu, 13 Mar 2014 23:19:09.329243 +0300] [MASTER] [DEBUG] Spawning a child
[Thu, 13 Mar 2014 23:19:09.330577 +0300] [APPLICATION] [example-worker] child 8114
[Thu, 13 Mar 2014 23:19:09.505911 +0300] [CHILD] [DEBUG] 8114 is getting shutdown
[Thu, 13 Mar 2014 23:19:09.513578 +0300] [MASTER] [INFO] Waiting for all children of "main" collection to shutdown...
[Thu, 13 Mar 2014 23:19:09.513831 +0300] [MASTER] Getting shutdown...
[Thu, 13 Mar 2014 23:20:06.979277 +0300] [DAEMON] starting example...
[Thu, 13 Mar 2014 23:20:06.981444 +0300] [MASTER] starting master (PID 8183)....
[Thu, 13 Mar 2014 23:20:06.981777 +0300] [APPLICATION] [example-master] Master runtime
[Thu, 13 Mar 2014 23:20:06.982015 +0300] [MASTER] [DEBUG] Spawning a child
[Thu, 13 Mar 2014 23:20:06.983818 +0300] [APPLICATION] [example-worker] child 8184
[Thu, 13 Mar 2014 23:20:07.984655 +0300] [CHILD] [DEBUG] 8184 is getting shutdown
[Thu, 13 Mar 2014 23:20:07.991708 +0300] [APPLICATION] [example-master] Master runtime
[Thu, 13 Mar 2014 23:20:07.992049 +0300] [MASTER] [DEBUG] Spawning a child
[Thu, 13 Mar 2014 23:20:07.993585 +0300] [APPLICATION] [example-worker] child 8185
[Thu, 13 Mar 2014 23:20:08.994309 +0300] [CHILD] [DEBUG] 8185 is getting shutdown
[Thu, 13 Mar 2014 23:20:09.001644 +0300] [APPLICATION] [example-master] Master runtime
[Thu, 13 Mar 2014 23:20:09.002043 +0300] [MASTER] [DEBUG] Spawning a child
[Thu, 13 Mar 2014 23:20:09.003661 +0300] [APPLICATION] [example-worker] child 8189
[Thu, 13 Mar 2014 23:20:09.436218 +0300] [CHILD] [DEBUG] 8189 is getting shutdown
[Thu, 13 Mar 2014 23:20:09.443748 +0300] [MASTER] [INFO] Waiting for all children of "main" collection to shutdown...
[Thu, 13 Mar 2014 23:20:09.444076 +0300] [MASTER] Getting shutdown...
[Thu, 13 Mar 2014 23:20:17.437221 +0300] [DAEMON] starting example...
[Thu, 13 Mar 2014 23:20:17.439243 +0300] [MASTER] starting master (PID 8212)....
[Thu, 13 Mar 2014 23:20:17.439446 +0300] [APPLICATION] [example-master] Master runtime
[Thu, 13 Mar 2014 23:20:17.439602 +0300] [MASTER] [DEBUG] Spawning a child
[Thu, 13 Mar 2014 23:20:17.441387 +0300] [APPLICATION] [example-worker] child 8213
[Thu, 13 Mar 2014 23:20:18.547202 +0300] [APPLICATION] [example-worker] child 8213
[Thu, 13 Mar 2014 23:20:19.385454 +0300] [MASTER] [INFO] Waiting for all children of "main" collection to shutdown...
[Thu, 13 Mar 2014 23:20:19.385602 +0300] [MASTER] [INFO] "main" collection: 1 of child threads remaining...
[Thu, 13 Mar 2014 23:20:19.490635 +0300] [CHILD] [DEBUG] 8213 is getting shutdown
[Thu, 13 Mar 2014 23:20:19.498178 +0300] [MASTER] Getting shutdown...
[Thu, 13 Mar 2014 23:20:21.535070 +0300] [DAEMON] starting example...
[Thu, 13 Mar 2014 23:20:21.537137 +0300] [MASTER] starting master (PID 8232)....
[Thu, 13 Mar 2014 23:20:21.537341 +0300] [APPLICATION] [example-master] Master runtime
[Thu, 13 Mar 2014 23:20:21.537497 +0300] [MASTER] [DEBUG] Spawning a child
[Thu, 13 Mar 2014 23:20:21.539197 +0300] [APPLICATION] [example-worker] child 8233
[Thu, 13 Mar 2014 23:20:22.643843 +0300] [APPLICATION] [example-worker] child 8233
[Thu, 13 Mar 2014 23:20:23.543855 +0300] [APPLICATION] [example-master] Master runtime
[Thu, 13 Mar 2014 23:20:23.544111 +0300] [MASTER] [DEBUG] Spawning a child
[Thu, 13 Mar 2014 23:20:23.545551 +0300] [APPLICATION] [example-worker] child 8234
[Thu, 13 Mar 2014 23:20:23.750504 +0300] [APPLICATION] [example-worker] child 8233
[Thu, 13 Mar 2014 23:20:24.650518 +0300] [APPLICATION] [example-worker] child 8234
[Thu, 13 Mar 2014 23:20:24.857178 +0300] [APPLICATION] [example-worker] child 8233
[Thu, 13 Mar 2014 23:20:25.550530 +0300] [APPLICATION] [example-master] Master runtime
[Thu, 13 Mar 2014 23:20:25.757179 +0300] [APPLICATION] [example-worker] child 8234
[Thu, 13 Mar 2014 23:20:25.963842 +0300] [APPLICATION] [example-worker] child 8233
[Thu, 13 Mar 2014 23:20:26.863847 +0300] [APPLICATION] [example-worker] child 8234
[Thu, 13 Mar 2014 23:20:27.070523 +0300] [APPLICATION] [example-worker] child 8233
[Thu, 13 Mar 2014 23:20:27.557195 +0300] [APPLICATION] [example-master] Master runtime
[Thu, 13 Mar 2014 23:20:27.970509 +0300] [APPLICATION] [example-worker] child 8234
[Thu, 13 Mar 2014 23:20:28.177219 +0300] [APPLICATION] [example-worker] child 8233
[Thu, 13 Mar 2014 23:20:28.694839 +0300] [MASTER] [INFO] Waiting for all children of "main" collection to shutdown...
[Thu, 13 Mar 2014 23:20:28.694978 +0300] [MASTER] [INFO] "main" collection: 2 of child threads remaining...
[Thu, 13 Mar 2014 23:20:28.800628 +0300] [CHILD] [DEBUG] 8233 is getting shutdown
[Thu, 13 Mar 2014 23:20:28.804173 +0300] [CHILD] [DEBUG] 8234 is getting shutdown
[Thu, 13 Mar 2014 23:20:28.815100 +0300] [MASTER] [INFO] "main" collection: 1 of child threads remaining...
[Thu, 13 Mar 2014 23:20:29.820607 +0300] [MASTER] Getting shutdown...
[Thu, 13 Mar 2014 23:20:35.744237 +0300] [DAEMON] starting example...
[Thu, 13 Mar 2014 23:20:35.746333 +0300] [MASTER] starting master (PID 8261)....
[Thu, 13 Mar 2014 23:20:35.746637 +0300] [APPLICATION] [example-master] Master runtime
[Thu, 13 Mar 2014 23:20:35.746882 +0300] [MASTER] [DEBUG] Spawning a child
[Thu, 13 Mar 2014 23:20:35.748595 +0300] [APPLICATION] [example-worker] child 8262
[Thu, 13 Mar 2014 23:20:36.853850 +0300] [APPLICATION] [example-worker] child 8262
[Thu, 13 Mar 2014 23:20:37.753874 +0300] [APPLICATION] [example-master] Master runtime
[Thu, 13 Mar 2014 23:20:37.960506 +0300] [APPLICATION] [example-worker] child 8262
[Thu, 13 Mar 2014 23:20:39.067197 +0300] [APPLICATION] [example-worker] child 8262
[Thu, 13 Mar 2014 23:20:39.760527 +0300] [APPLICATION] [example-master] Master runtime
[Thu, 13 Mar 2014 23:20:40.173852 +0300] [APPLICATION] [example-worker] child 8262
[Thu, 13 Mar 2014 23:20:41.280533 +0300] [APPLICATION] [example-worker] child 8262
[Thu, 13 Mar 2014 23:20:41.767186 +0300] [APPLICATION] [example-master] Master runtime
[Thu, 13 Mar 2014 23:20:42.387186 +0300] [APPLICATION] [example-worker] child 8262
[Thu, 13 Mar 2014 23:20:43.493845 +0300] [APPLICATION] [example-worker] child 8262
[Thu, 13 Mar 2014 23:20:43.773861 +0300] [APPLICATION] [example-master] Master runtime
[Thu, 13 Mar 2014 23:20:44.600507 +0300] [APPLICATION] [example-worker] child 8262
[Thu, 13 Mar 2014 23:20:45.707195 +0300] [APPLICATION] [example-worker] child 8262
[Thu, 13 Mar 2014 23:20:45.780506 +0300] [APPLICATION] [example-master] Master runtime
[Thu, 13 Mar 2014 23:20:46.707558 +0300] [CHILD] [DEBUG] 8262 is getting shutdown
[Thu, 13 Mar 2014 23:20:47.720675 +0300] [APPLICATION] [example-master] Master runtime
[Thu, 13 Mar 2014 23:20:47.720889 +0300] [MASTER] [DEBUG] Spawning a child
[Thu, 13 Mar 2014 23:20:47.722269 +0300] [APPLICATION] [example-worker] child 8272
[Thu, 13 Mar 2014 23:20:48.827179 +0300] [APPLICATION] [example-worker] child 8272
[Thu, 13 Mar 2014 23:20:49.727197 +0300] [APPLICATION] [example-master] Master runtime
[Thu, 13 Mar 2014 23:20:49.933843 +0300] [APPLICATION] [example-worker] child 8272
[Thu, 13 Mar 2014 23:20:51.040518 +0300] [APPLICATION] [example-worker] child 8272
[Thu, 13 Mar 2014 23:20:51.733906 +0300] [APPLICATION] [example-master] Master runtime
[Thu, 13 Mar 2014 23:20:52.147167 +0300] [APPLICATION] [example-worker] child 8272
[Thu, 13 Mar 2014 23:20:53.253838 +0300] [APPLICATION] [example-worker] child 8272
[Thu, 13 Mar 2014 23:20:53.740525 +0300] [APPLICATION] [example-master] Master runtime
[Thu, 13 Mar 2014 23:20:54.360514 +0300] [APPLICATION] [example-worker] child 8272
[Thu, 13 Mar 2014 23:20:55.467175 +0300] [APPLICATION] [example-worker] child 8272
[Thu, 13 Mar 2014 23:20:55.747189 +0300] [APPLICATION] [example-master] Master runtime
[Thu, 13 Mar 2014 23:20:56.573839 +0300] [APPLICATION] [example-worker] child 8272
[Thu, 13 Mar 2014 23:20:57.680506 +0300] [APPLICATION] [example-worker] child 8272
[Thu, 13 Mar 2014 23:20:57.753835 +0300] [APPLICATION] [example-master] Master runtime
[Thu, 13 Mar 2014 23:20:58.680851 +0300] [CHILD] [DEBUG] 8272 is getting shutdown
[Thu, 13 Mar 2014 23:20:59.372578 +0300] [MASTER] [INFO] Waiting for all children of "main" collection to shutdown...
[Thu, 13 Mar 2014 23:20:59.372722 +0300] [MASTER] [INFO] "main" collection: 1 of child threads remaining...
[Thu, 13 Mar 2014 23:21:00.377260 +0300] [MASTER] Getting shutdown...
[Thu, 13 Mar 2014 23:21:23.662159 +0300] [DAEMON] starting example...
[Thu, 13 Mar 2014 23:21:23.664326 +0300] [MASTER] starting master (PID 8325)....
[Thu, 13 Mar 2014 23:21:23.664681 +0300] [DAEMON] [FATAL] Undefined class constant 'NAME' in /home/yutas/work/phpdaemon/examples/child_ttl/Example.php on line 14
[Thu, 13 Mar 2014 23:21:42.829350 +0300] [DAEMON] starting example...
[Thu, 13 Mar 2014 23:21:42.831531 +0300] [MASTER] starting master (PID 8363)....
[Thu, 13 Mar 2014 23:21:42.831880 +0300] [EXAMPLE-MASTER] Master runtime
[Thu, 13 Mar 2014 23:21:42.832118 +0300] [MASTER] [DEBUG] Spawning a child
[Thu, 13 Mar 2014 23:21:42.833958 +0300] [APPLICATION] child 8364
[Thu, 13 Mar 2014 23:21:43.940492 +0300] [APPLICATION] child 8364
[Thu, 13 Mar 2014 23:21:44.837197 +0300] [EXAMPLE-MASTER] Master runtime
[Thu, 13 Mar 2014 23:21:45.047163 +0300] [APPLICATION] child 8364
[Thu, 13 Mar 2014 23:21:46.153837 +0300] [APPLICATION] child 8364
[Thu, 13 Mar 2014 23:21:46.523425 +0300] [MASTER] [INFO] Waiting for all children of "main" collection to shutdown...
[Thu, 13 Mar 2014 23:21:46.523568 +0300] [MASTER] [INFO] "main" collection: 1 of child threads remaining...
[Thu, 13 Mar 2014 23:21:46.630623 +0300] [CHILD] [DEBUG] 8364 is getting shutdown
[Thu, 13 Mar 2014 23:21:46.638097 +0300] [MASTER] Getting shutdown...
[Thu, 13 Mar 2014 23:21:53.252548 +0300] [DAEMON] starting example...
[Thu, 13 Mar 2014 23:21:53.254890 +0300] [MASTER] starting master (PID 8389)....
[Thu, 13 Mar 2014 23:21:53.255235 +0300] [EXAMPLE-MASTER] Master runtime
[Thu, 13 Mar 2014 23:21:53.255479 +0300] [MASTER] [DEBUG] Spawning a child
[Thu, 13 Mar 2014 23:21:53.257372 +0300] [EXAMPLE-WORKER] child 8390
[Thu, 13 Mar 2014 23:21:54.363845 +0300] [EXAMPLE-WORKER] child 8390
[Thu, 13 Mar 2014 23:21:55.260534 +0300] [EXAMPLE-MASTER] Master runtime
[Thu, 13 Mar 2014 23:21:55.470520 +0300] [EXAMPLE-WORKER] child 8390
[Thu, 13 Mar 2014 23:21:56.577173 +0300] [EXAMPLE-WORKER] child 8390
[Thu, 13 Mar 2014 23:21:57.267176 +0300] [EXAMPLE-MASTER] Master runtime
[Thu, 13 Mar 2014 23:21:57.683830 +0300] [EXAMPLE-WORKER] child 8390
[Thu, 13 Mar 2014 23:21:58.790513 +0300] [EXAMPLE-WORKER] child 8390
[Thu, 13 Mar 2014 23:21:59.273848 +0300] [EXAMPLE-MASTER] Master runtime
[Thu, 13 Mar 2014 23:21:59.897158 +0300] [EXAMPLE-WORKER] child 8390
[Thu, 13 Mar 2014 23:22:01.003832 +0300] [EXAMPLE-WORKER] child 8390
[Thu, 13 Mar 2014 23:22:01.280516 +0300] [EXAMPLE-MASTER] Master runtime
[Thu, 13 Mar 2014 23:22:01.447282 +0300] [CHILD] [DEBUG] 8390 is getting shutdown
[Thu, 13 Mar 2014 23:22:01.454810 +0300] [MASTER] [INFO] Waiting for all children of "main" collection to shutdown...
[Thu, 13 Mar 2014 23:22:01.455173 +0300] [MASTER] Getting shutdown...
