[Wed, 28 Nov 2012 18:10:22.547632 +0300] [DAEMON] Stoping Example (PID 13983) ...
[Wed, 28 Nov 2012 18:10:22.571840 +0300] [MASTER] Getting shutdown...
[Wed, 28 Nov 2012 18:18:57.467148 +0300] [DAEMON] starting Example...
[Wed, 28 Nov 2012 18:18:57.469054 +0300] [MASTER] starting master (PID 14255)....
[Wed, 28 Nov 2012 18:18:57.470580 +0300] [MASTER] Spawning a child
[Wed, 28 Nov 2012 18:18:57.472555 +0300] [EXAMPLE1] Before
[Wed, 28 Nov 2012 18:18:57.487748 +0300] [EXAMPLE1] Got message "Тестовое сообщение от треда 14256 мастеру"
[Wed, 28 Nov 2012 18:18:58.492718 +0300] [EXAMPLE1] Got message "Ответ мастера треду 14256"
[Wed, 28 Nov 2012 18:18:58.502788 +0300] [EXAMPLE1] Got message "Тестовое сообщение от треда 14256 мастеру"
[Wed, 28 Nov 2012 18:18:59.509295 +0300] [EXAMPLE1] Got message "Ответ мастера треду 14256"
[Wed, 28 Nov 2012 18:18:59.519402 +0300] [EXAMPLE1] Got message "Тестовое сообщение от треда 14256 мастеру"
[Wed, 28 Nov 2012 18:19:00.525967 +0300] [EXAMPLE1] Got message "Ответ мастера треду 14256"
[Wed, 28 Nov 2012 18:19:00.536101 +0300] [EXAMPLE1] Got message "Тестовое сообщение от треда 14256 мастеру"
[Wed, 28 Nov 2012 18:19:01.542624 +0300] [EXAMPLE1] Got message "Ответ мастера треду 14256"
[Wed, 28 Nov 2012 18:19:01.552667 +0300] [EXAMPLE1] Got message "Тестовое сообщение от треда 14256 мастеру"
[Wed, 28 Nov 2012 18:19:02.559357 +0300] [EXAMPLE1] Got message "Ответ мастера треду 14256"
[Wed, 28 Nov 2012 18:19:02.569438 +0300] [EXAMPLE1] Got message "Тестовое сообщение от треда 14256 мастеру"
[Wed, 28 Nov 2012 18:19:03.318648 +0300] [MASTER] God signal to update config
[Wed, 28 Nov 2012 18:19:03.576043 +0300] [EXAMPLE1] Got message "Ответ мастера треду 14256"
[Wed, 28 Nov 2012 18:19:03.576650 +0300] [MASTER] Failed to write to socket. Socket error #32: Broken pipe
[Wed, 28 Nov 2012 18:19:03.576789 +0300] [MASTER] Waiting for all children of "main" collection to shutdown...
[Wed, 28 Nov 2012 18:19:03.576881 +0300] [MASTER] "main" collection: 0 of child threads remaining...
[Wed, 28 Nov 2012 18:19:03.577193 +0300] [MASTER] Getting shutdown...
[Wed, 28 Nov 2012 18:20:20.405951 +0300] [DAEMON] starting Example...
[Wed, 28 Nov 2012 18:20:20.407958 +0300] [MASTER] starting master (PID 14307)....
[Wed, 28 Nov 2012 18:20:20.409338 +0300] [MASTER] Spawning a child
[Wed, 28 Nov 2012 18:20:20.410561 +0300] [EXAMPLE1] Before
[Wed, 28 Nov 2012 18:20:20.427147 +0300] [EXAMPLE1] Got message "Тестовое сообщение от треда 14308 мастеру"
[Wed, 28 Nov 2012 18:20:21.429431 +0300] [EXAMPLE1] Got message "Ответ мастера треду 14308"
[Wed, 28 Nov 2012 18:20:21.442783 +0300] [EXAMPLE1] Got message "Тестовое сообщение от треда 14308 мастеру"
[Wed, 28 Nov 2012 18:20:22.445913 +0300] [EXAMPLE1] Got message "Ответ мастера треду 14308"
[Wed, 28 Nov 2012 18:20:22.459424 +0300] [EXAMPLE1] Got message "Тестовое сообщение от треда 14308 мастеру"
[Wed, 28 Nov 2012 18:20:23.462611 +0300] [EXAMPLE1] Got message "Ответ мастера треду 14308"
[Wed, 28 Nov 2012 18:20:23.476089 +0300] [EXAMPLE1] Got message "Тестовое сообщение от треда 14308 мастеру"
[Wed, 28 Nov 2012 18:20:24.479290 +0300] [EXAMPLE1] Got message "Ответ мастера треду 14308"
[Wed, 28 Nov 2012 18:20:24.492731 +0300] [EXAMPLE1] Got message "Тестовое сообщение от треда 14308 мастеру"
[Wed, 28 Nov 2012 18:20:25.495952 +0300] [EXAMPLE1] Got message "Ответ мастера треду 14308"
[Wed, 28 Nov 2012 18:20:25.509368 +0300] [EXAMPLE1] Got message "Тестовое сообщение от треда 14308 мастеру"
[Wed, 28 Nov 2012 18:20:25.880992 +0300] [MASTER] God signal to update config
[Wed, 28 Nov 2012 18:20:25.882396 +0300] [MASTER] God signal to update config
[Wed, 28 Nov 2012 18:20:25.882685 +0300] [MASTER] Failed to read config file 
[Wed, 28 Nov 2012 18:20:25.899280 +0300] [CHILD] God signal to update config
[Wed, 28 Nov 2012 18:20:25.915651 +0300] [MASTER] Getting shutdown...
