[Thu, 13 Mar 2014 23:05:16.273616 +0300] [DAEMON] starting example...
[Thu, 13 Mar 2014 23:05:16.275841 +0300] [MASTER] starting master (PID 6813)....
[Thu, 13 Mar 2014 23:05:16.276144 +0300] [APPLICATION] [example2] Master runtime
[Thu, 13 Mar 2014 23:05:16.276715 +0300] [APPLICATION] [ERROR] E_RECOVERABLE_ERROR: Argument 1 passed to Daemon\Component\Application\Application::spawnChild() must be an instance of Daemon\Component\Application\Application, boolean given, called in /home/yutas/work/phpdaemon/examples/Example2.php on line 20 and defined in /home/yutas/work/phpdaemon/lib/Component/Application/Application.php on line 97 in /home/yutas/work/phpdaemon/lib/Daemon.php on line 305
[Thu, 13 Mar 2014 23:05:17.280624 +0300] [APPLICATION] [example2] Master runtime
[Thu, 13 Mar 2014 23:05:17.280989 +0300] [APPLICATION] [ERROR] E_RECOVERABLE_ERROR: Argument 1 passed to Daemon\Component\Application\Application::spawnChild() must be an instance of Daemon\Component\Application\Application, boolean given, called in /home/yutas/work/phpdaemon/examples/Example2.php on line 20 and defined in /home/yutas/work/phpdaemon/lib/Component/Application/Application.php on line 97 in /home/yutas/work/phpdaemon/lib/Daemon.php on line 305
[Thu, 13 Mar 2014 23:05:18.098682 +0300] [MASTER] [INFO] Waiting for all children of "main" collection to shutdown...
[Thu, 13 Mar 2014 23:05:18.098876 +0300] [MASTER] Getting shutdown...
[Thu, 13 Mar 2014 23:09:00.846709 +0300] [DAEMON] starting example...
[Thu, 13 Mar 2014 23:09:00.848640 +0300] [MASTER] starting master (PID 7144)....
[Thu, 13 Mar 2014 23:09:00.848832 +0300] [APPLICATION] [example2] Master runtime
[Thu, 13 Mar 2014 23:09:00.848975 +0300] [MASTER] [DEBUG] Spawning a child
[Thu, 13 Mar 2014 23:09:00.850876 +0300] [DAEMON] [FATAL] Undefined class constant 'NAME' in /home/yutas/work/phpdaemon/examples/Example2.php on line 34
[Thu, 13 Mar 2014 23:09:01.864099 +0300] [APPLICATION] [example2] Master runtime
[Thu, 13 Mar 2014 23:09:01.864309 +0300] [MASTER] [DEBUG] Spawning a child
[Thu, 13 Mar 2014 23:09:01.865882 +0300] [DAEMON] [FATAL] Undefined class constant 'NAME' in /home/yutas/work/phpdaemon/examples/Example2.php on line 34
[Thu, 13 Mar 2014 23:09:02.871973 +0300] [MASTER] [INFO] Waiting for all children of "main" collection to shutdown...
[Thu, 13 Mar 2014 23:09:02.872127 +0300] [MASTER] [INFO] "main" collection: 1 of child threads remaining...
[Thu, 13 Mar 2014 23:09:03.877336 +0300] [MASTER] Getting shutdown...
[Thu, 13 Mar 2014 23:09:29.796494 +0300] [DAEMON] starting example...
[Thu, 13 Mar 2014 23:09:29.798674 +0300] [MASTER] starting master (PID 7202)....
[Thu, 13 Mar 2014 23:09:29.798879 +0300] [APPLICATION] [example2master] Master runtime
[Thu, 13 Mar 2014 23:09:29.799030 +0300] [MASTER] [DEBUG] Spawning a child
[Thu, 13 Mar 2014 23:09:29.800759 +0300] [APPLICATION] [example2worker] child 7203
[Thu, 13 Mar 2014 23:09:30.801106 +0300] [APPLICATION] [example2worker] child 7203
[Thu, 13 Mar 2014 23:09:31.801377 +0300] [APPLICATION] [example2worker] child 7203
[Thu, 13 Mar 2014 23:09:31.803912 +0300] [APPLICATION] [example2master] Master runtime
[Thu, 13 Mar 2014 23:09:32.801632 +0300] [APPLICATION] [example2worker] child 7203
[Thu, 13 Mar 2014 23:09:33.801906 +0300] [APPLICATION] [example2worker] child 7203
[Thu, 13 Mar 2014 23:09:33.810565 +0300] [APPLICATION] [example2master] Master runtime
[Thu, 13 Mar 2014 23:09:34.802156 +0300] [APPLICATION] [example2worker] child 7203
[Thu, 13 Mar 2014 23:09:35.802407 +0300] [APPLICATION] [example2worker] child 7203
[Thu, 13 Mar 2014 23:09:35.817270 +0300] [APPLICATION] [example2master] Master runtime
[Thu, 13 Mar 2014 23:09:36.802688 +0300] [APPLICATION] [example2worker] child 7203
[Thu, 13 Mar 2014 23:09:37.352513 +0300] [MASTER] [INFO] Waiting for all children of "main" collection to shutdown...
[Thu, 13 Mar 2014 23:09:37.352647 +0300] [MASTER] [INFO] "main" collection: 1 of child threads remaining...
[Thu, 13 Mar 2014 23:09:37.352793 +0300] [APPLICATION] [example2worker] child 7203
[Thu, 13 Mar 2014 23:09:38.353016 +0300] [APPLICATION] [example2worker] child 7203
[Thu, 13 Mar 2014 23:09:38.357233 +0300] [MASTER] [INFO] "main" collection: 1 of child threads remaining...
[Thu, 13 Mar 2014 23:09:39.353307 +0300] [APPLICATION] [example2worker] child 7203
[Thu, 13 Mar 2014 23:09:39.363860 +0300] [MASTER] [INFO] "main" collection: 1 of child threads remaining...
[Thu, 13 Mar 2014 23:09:40.353581 +0300] [APPLICATION] [example2worker] child 7203
[Thu, 13 Mar 2014 23:09:40.370664 +0300] [MASTER] [INFO] "main" collection: 1 of child threads remaining...
[Thu, 13 Mar 2014 23:09:41.353861 +0300] [APPLICATION] [example2worker] child 7203
[Thu, 13 Mar 2014 23:09:41.377223 +0300] [MASTER] [INFO] "main" collection: 1 of child threads remaining...
[Thu, 13 Mar 2014 23:09:42.354139 +0300] [APPLICATION] [example2worker] child 7203
[Thu, 13 Mar 2014 23:09:42.383885 +0300] [MASTER] [INFO] "main" collection: 1 of child threads remaining...
[Thu, 13 Mar 2014 23:09:43.354419 +0300] [APPLICATION] [example2worker] child 7203
[Thu, 13 Mar 2014 23:09:43.390591 +0300] [MASTER] [INFO] "main" collection: 1 of child threads remaining...
[Thu, 13 Mar 2014 23:09:44.354695 +0300] [APPLICATION] [example2worker] child 7203
[Thu, 13 Mar 2014 23:09:44.397224 +0300] [MASTER] [INFO] "main" collection: 1 of child threads remaining...
[Thu, 13 Mar 2014 23:09:45.354965 +0300] [APPLICATION] [example2worker] child 7203
[Thu, 13 Mar 2014 23:09:45.403894 +0300] [MASTER] [INFO] "main" collection: 1 of child threads remaining...
[Thu, 13 Mar 2014 23:09:46.355244 +0300] [APPLICATION] [example2worker] child 7203
[Thu, 13 Mar 2014 23:09:46.410566 +0300] [MASTER] [INFO] "main" collection: 1 of child threads remaining...
[Thu, 13 Mar 2014 23:09:47.355520 +0300] [APPLICATION] [example2worker] child 7203
[Thu, 13 Mar 2014 23:09:47.417205 +0300] [MASTER] [INFO] "main" collection: 1 of child threads remaining...
[Thu, 13 Mar 2014 23:09:48.355799 +0300] [APPLICATION] [example2worker] child 7203
[Thu, 13 Mar 2014 23:09:48.423903 +0300] [MASTER] [INFO] "main" collection: 1 of child threads remaining...
[Thu, 13 Mar 2014 23:09:49.356145 +0300] [CHILD] [DEBUG] 7203 is getting shutdown
[Thu, 13 Mar 2014 23:09:49.363377 +0300] [MASTER] Getting shutdown...
[Thu, 13 Mar 2014 23:11:42.465040 +0300] [DAEMON] starting example...
[Thu, 13 Mar 2014 23:11:42.467320 +0300] [MASTER] starting master (PID 7367)....
[Thu, 13 Mar 2014 23:11:42.467676 +0300] [APPLICATION] [example-master] Master runtime
[Thu, 13 Mar 2014 23:11:42.467914 +0300] [MASTER] [DEBUG] Spawning a child
[Thu, 13 Mar 2014 23:11:42.469760 +0300] [APPLICATION] [example-worker] child 7368
[Thu, 13 Mar 2014 23:11:43.470264 +0300] [APPLICATION] [example-worker] child 7368
[Thu, 13 Mar 2014 23:11:44.470541 +0300] [APPLICATION] [example-worker] child 7368
[Thu, 13 Mar 2014 23:11:44.473898 +0300] [APPLICATION] [example-master] Master runtime
[Thu, 13 Mar 2014 23:11:45.470822 +0300] [APPLICATION] [example-worker] child 7368
[Thu, 13 Mar 2014 23:11:46.471101 +0300] [APPLICATION] [example-worker] child 7368
[Thu, 13 Mar 2014 23:11:46.480550 +0300] [APPLICATION] [example-master] Master runtime
[Thu, 13 Mar 2014 23:11:46.560835 +0300] [APPLICATION] [example-worker] child 7368
[Thu, 13 Mar 2014 23:11:47.561106 +0300] [APPLICATION] [example-worker] child 7368
[Thu, 13 Mar 2014 23:11:47.567337 +0300] [MASTER] [INFO] Waiting for all children of "main" collection to shutdown...
[Thu, 13 Mar 2014 23:11:47.567450 +0300] [MASTER] [INFO] "main" collection: 1 of child threads remaining...
[Thu, 13 Mar 2014 23:11:47.567580 +0300] [APPLICATION] [example-worker] child 7368
[Thu, 13 Mar 2014 23:11:48.567798 +0300] [APPLICATION] [example-worker] child 7368
[Thu, 13 Mar 2014 23:11:48.573866 +0300] [MASTER] [INFO] "main" collection: 1 of child threads remaining...
[Thu, 13 Mar 2014 23:11:49.568083 +0300] [APPLICATION] [example-worker] child 7368
[Thu, 13 Mar 2014 23:11:49.581632 +0300] [MASTER] [INFO] "main" collection: 1 of child threads remaining...
[Thu, 13 Mar 2014 23:11:50.568441 +0300] [CHILD] [DEBUG] 7368 is getting shutdown
[Thu, 13 Mar 2014 23:11:50.575852 +0300] [MASTER] Getting shutdown...
[Thu, 13 Mar 2014 23:12:21.644199 +0300] [DAEMON] starting example...
[Thu, 13 Mar 2014 23:12:21.646326 +0300] [MASTER] starting master (PID 7430)....
[Thu, 13 Mar 2014 23:12:21.646624 +0300] [APPLICATION] [example-master] Master runtime
[Thu, 13 Mar 2014 23:12:21.646869 +0300] [MASTER] [DEBUG] Spawning a child
[Thu, 13 Mar 2014 23:12:21.648977 +0300] [APPLICATION] [example-worker] child 7431
[Thu, 13 Mar 2014 23:12:22.649582 +0300] [CHILD] [DEBUG] 7431 is getting shutdown
[Thu, 13 Mar 2014 23:12:22.657770 +0300] [APPLICATION] [example-master] Master runtime
[Thu, 13 Mar 2014 23:12:22.658088 +0300] [MASTER] [DEBUG] Spawning a child
[Thu, 13 Mar 2014 23:12:22.659715 +0300] [APPLICATION] [example-worker] child 7432
[Thu, 13 Mar 2014 23:12:23.660252 +0300] [CHILD] [DEBUG] 7432 is getting shutdown
[Thu, 13 Mar 2014 23:12:23.667535 +0300] [APPLICATION] [example-master] Master runtime
[Thu, 13 Mar 2014 23:12:25.673918 +0300] [APPLICATION] [example-master] Master runtime
[Thu, 13 Mar 2014 23:12:27.680585 +0300] [APPLICATION] [example-master] Master runtime
[Thu, 13 Mar 2014 23:12:28.851030 +0300] [MASTER] [INFO] Waiting for all children of "main" collection to shutdown...
[Thu, 13 Mar 2014 23:12:28.851238 +0300] [MASTER] Getting shutdown...
[Thu, 13 Mar 2014 23:14:15.178863 +0300] [DAEMON] starting example...
[Thu, 13 Mar 2014 23:14:15.181095 +0300] [MASTER] starting master (PID 7630)....
[Thu, 13 Mar 2014 23:14:15.181400 +0300] [APPLICATION] [example-master] Master runtime
[Thu, 13 Mar 2014 23:14:15.181641 +0300] [MASTER] [DEBUG] Spawning a child
[Thu, 13 Mar 2014 23:14:15.183656 +0300] [APPLICATION] [example-worker] child 7631
[Thu, 13 Mar 2014 23:14:16.184174 +0300] [APPLICATION] [example-worker] child 7631
[Thu, 13 Mar 2014 23:14:16.407676 +0300] [MASTER] [INFO] Waiting for all children of "main" collection to shutdown...
[Thu, 13 Mar 2014 23:14:16.407822 +0300] [MASTER] [INFO] "main" collection: 1 of child threads remaining...
[Thu, 13 Mar 2014 23:14:16.407969 +0300] [APPLICATION] [example-worker] child 7631
[Thu, 13 Mar 2014 23:14:17.408193 +0300] [APPLICATION] [example-worker] child 7631
[Thu, 13 Mar 2014 23:14:17.413854 +0300] [MASTER] [INFO] "main" collection: 1 of child threads remaining...
[Thu, 13 Mar 2014 23:14:18.408467 +0300] [APPLICATION] [example-worker] child 7631
[Thu, 13 Mar 2014 23:14:18.420544 +0300] [MASTER] [INFO] "main" collection: 1 of child threads remaining...
[Thu, 13 Mar 2014 23:14:19.408857 +0300] [APPLICATION] [example-worker] child 7631
[Thu, 13 Mar 2014 23:14:19.427311 +0300] [MASTER] [INFO] "main" collection: 1 of child threads remaining...
[Thu, 13 Mar 2014 23:14:20.409248 +0300] [APPLICATION] [example-worker] child 7631
[Thu, 13 Mar 2014 23:14:20.433885 +0300] [MASTER] [INFO] "main" collection: 1 of child threads remaining...
[Thu, 13 Mar 2014 23:14:21.409526 +0300] [APPLICATION] [example-worker] child 7631
[Thu, 13 Mar 2014 23:14:21.440545 +0300] [MASTER] [INFO] "main" collection: 1 of child threads remaining...
[Thu, 13 Mar 2014 23:14:22.409801 +0300] [APPLICATION] [example-worker] child 7631
[Thu, 13 Mar 2014 23:14:22.447198 +0300] [MASTER] [INFO] "main" collection: 1 of child threads remaining...
[Thu, 13 Mar 2014 23:14:23.410077 +0300] [APPLICATION] [example-worker] child 7631
[Thu, 13 Mar 2014 23:14:23.453884 +0300] [MASTER] [INFO] "main" collection: 1 of child threads remaining...
[Thu, 13 Mar 2014 23:14:24.410446 +0300] [CHILD] [DEBUG] 7631 is getting shutdown
[Thu, 13 Mar 2014 23:14:24.419027 +0300] [MASTER] Getting shutdown...
[Thu, 13 Mar 2014 23:15:57.012792 +0300] [DAEMON] starting example...
[Thu, 13 Mar 2014 23:15:57.014799 +0300] [MASTER] starting master (PID 7833)....
[Thu, 13 Mar 2014 23:15:57.014994 +0300] [APPLICATION] [example-master] Master runtime
[Thu, 13 Mar 2014 23:15:57.015140 +0300] [MASTER] [DEBUG] Spawning a child
[Thu, 13 Mar 2014 23:15:57.016873 +0300] [APPLICATION] [example-worker] child 7834
[Thu, 13 Mar 2014 23:15:58.017247 +0300] [APPLICATION] [example-worker] child 7834
[Thu, 13 Mar 2014 23:15:58.255921 +0300] [MASTER] [INFO] Waiting for all children of "main" collection to shutdown...
[Thu, 13 Mar 2014 23:15:58.256089 +0300] [MASTER] [INFO] "main" collection: 1 of child threads remaining...
[Thu, 13 Mar 2014 23:15:58.256255 +0300] [APPLICATION] [example-worker] child 7834
[Thu, 13 Mar 2014 23:15:59.256482 +0300] [APPLICATION] [example-worker] child 7834
[Thu, 13 Mar 2014 23:15:59.260514 +0300] [MASTER] [INFO] "main" collection: 1 of child threads remaining...
[Thu, 13 Mar 2014 23:16:00.256772 +0300] [APPLICATION] [example-worker] child 7834
[Thu, 13 Mar 2014 23:16:00.267233 +0300] [MASTER] [INFO] "main" collection: 1 of child threads remaining...
[Thu, 13 Mar 2014 23:16:01.257054 +0300] [APPLICATION] [example-worker] child 7834
[Thu, 13 Mar 2014 23:16:01.273855 +0300] [MASTER] [INFO] "main" collection: 1 of child threads remaining...
[Thu, 13 Mar 2014 23:16:02.257344 +0300] [APPLICATION] [example-worker] child 7834
[Thu, 13 Mar 2014 23:16:02.280529 +0300] [MASTER] [INFO] "main" collection: 1 of child threads remaining...
[Thu, 13 Mar 2014 23:16:03.257628 +0300] [APPLICATION] [example-worker] child 7834
[Thu, 13 Mar 2014 23:16:03.287191 +0300] [MASTER] [INFO] "main" collection: 1 of child threads remaining...
[Thu, 13 Mar 2014 23:16:04.257906 +0300] [APPLICATION] [example-worker] child 7834
[Thu, 13 Mar 2014 23:16:04.293985 +0300] [MASTER] [INFO] "main" collection: 1 of child threads remaining...
[Thu, 13 Mar 2014 23:16:05.258189 +0300] [APPLICATION] [example-worker] child 7834
[Thu, 13 Mar 2014 23:16:05.300528 +0300] [MASTER] [INFO] "main" collection: 1 of child threads remaining...
[Thu, 13 Mar 2014 23:16:06.258543 +0300] [CHILD] [DEBUG] 7834 is getting shutdown
[Thu, 13 Mar 2014 23:16:06.265599 +0300] [MASTER] Getting shutdown...
[Thu, 13 Mar 2014 23:22:32.421045 +0300] [DAEMON] starting example...
[Thu, 13 Mar 2014 23:22:32.423184 +0300] [MASTER] starting master (PID 8462)....
[Thu, 13 Mar 2014 23:22:32.423477 +0300] [EXAMPLE-MASTER] Master runtime
[Thu, 13 Mar 2014 23:22:32.423762 +0300] [MASTER] [DEBUG] Spawning a child
[Thu, 13 Mar 2014 23:22:32.425783 +0300] [EXAMPLE-WORKER] child 8463
[Thu, 13 Mar 2014 23:22:33.426274 +0300] [EXAMPLE-WORKER] child 8463
[Thu, 13 Mar 2014 23:22:34.426549 +0300] [EXAMPLE-WORKER] child 8463
[Thu, 13 Mar 2014 23:22:34.430500 +0300] [EXAMPLE-MASTER] Master runtime
[Thu, 13 Mar 2014 23:22:35.426921 +0300] [EXAMPLE-WORKER] child 8463
[Thu, 13 Mar 2014 23:22:36.427372 +0300] [EXAMPLE-WORKER] child 8463
[Thu, 13 Mar 2014 23:22:36.437123 +0300] [EXAMPLE-MASTER] Master runtime
[Thu, 13 Mar 2014 23:22:37.427645 +0300] [EXAMPLE-WORKER] child 8463
[Thu, 13 Mar 2014 23:22:38.427925 +0300] [EXAMPLE-WORKER] child 8463
[Thu, 13 Mar 2014 23:22:38.443867 +0300] [EXAMPLE-MASTER] Master runtime
[Thu, 13 Mar 2014 23:22:39.428199 +0300] [EXAMPLE-WORKER] child 8463
[Thu, 13 Mar 2014 23:22:40.428480 +0300] [EXAMPLE-WORKER] child 8463
[Thu, 13 Mar 2014 23:22:40.450511 +0300] [EXAMPLE-MASTER] Master runtime
[Thu, 13 Mar 2014 23:22:41.428754 +0300] [EXAMPLE-WORKER] child 8463
[Thu, 13 Mar 2014 23:22:42.429109 +0300] [CHILD] [DEBUG] 8463 is getting shutdown
[Thu, 13 Mar 2014 23:22:42.436293 +0300] [EXAMPLE-MASTER] Master runtime
[Thu, 13 Mar 2014 23:22:44.033899 +0300] [MASTER] [INFO] Waiting for all children of "main" collection to shutdown...
[Thu, 13 Mar 2014 23:22:44.034120 +0300] [MASTER] Getting shutdown...
